ख़त - 0.1189718246459961
कुकुंदर - 0.11613821983337402
मत्सर - 0.11235690116882324
कैलोरी - 0.1129906177520752
दोषपूर्ण - 0.11599993705749512
प्राणों - 0.11304736137390137
दुःखमय - 0.11567354202270508
चभोरना - 0.1150217056274414
विलम्बा - 0.11503815650939941
अंकपत्र - 0.11420178413391113
अधियाना - 0.11320638656616211
एकस्वाधिकारी - 0.11528873443603516
अद्यावधि - 0.11432147026062012
जहाजी - 0.11291646957397461
भिंजाना - 0.11434316635131836
दत्ता - 0.11409783363342285
दुरभिसंधि - 0.11438536643981934
किनाराकशी - 0.11438918113708496
फूकना - 0.11314797401428223
टुकरी - 0.11359930038452148
योनिमुख - 0.11248207092285156
क़ुव्वत - 0.11305403709411621
सृजनात्मक - 0.11449217796325684
अमान्यकरण - 0.11705756187438965
शहादत - 0.11290955543518066
वंछना - 0.11309456825256348
स्वर्जिक - 0.11397647857666016
नेवर - 0.11229944229125977
श्रृंगिका - 0.11332511901855469
मध्यवर्गीय - 0.1153872013092041
सैफ - 0.11013555526733398
श्रृंगिक - 0.11283040046691895
चिढ़ंटू - 0.11443853378295898
अधिवृद्ध - 0.1145331859588623
नागरिकों - 0.11354517936706543
चीतावती - 0.1134493350982666
छोड़्कर - 0.11356115341186523
सर्कार - 0.1133565902709961
कोणिय - 0.11253905296325684
मसरत - 0.11402058601379395
प्रत्यावर्ती - 0.11530113220214844
बनठनकर - 0.11453676223754883
गृहस्थ - 0.11406755447387695
गंधाली - 0.11326169967651367
गरुआना - 0.1131277084350586
चिट्रसंग्रह - 0.11442947387695312
सुलंक - 0.11244726181030273
अर्धकुशल - 0.11413788795471191
प्रदूषण - 0.11461925506591797
छँटाईअना - 0.11385416984558105
కొనేముందు - 0.08322930335998535
వినియోగించ - 0.07006573677062988
వోలా - 0.06721806526184082
డైలాగులు - 0.08110880851745605
కోమట్లగూడెం - 0.06623029708862305
తమకిష్టంలేదన్నారు - 0.06704473495483398
ఎఎస్ఆర్జెడ్పి - 0.06874728202819824
కళాభిరుచికీ - 0.06767058372497559
సాధిస్తున్నది - 0.0672149658203125
యాత్రికులకు - 0.0664682388305664
కేశవపట్నం - 0.06416916847229004
శంతనుడనే - 0.06496405601501465
నాంచార్యులు - 0.06409406661987305
మధ్యలు - 0.06511831283569336
తానుభీముడు - 0.06380224227905273
అతిక్రమణ - 0.06345081329345703
ఇష్ఠంలేదు - 0.0774831771850586
ఊరి - 0.06795644760131836
ఇంగ్లీషువారు - 0.06790351867675781
జారవిడిచిన - 0.06537604331970215
నిర్మలాదేవి - 0.0661618709564209
డబ్బుచిక్కుల్లో - 0.0646979808807373
హఠయోగము - 0.0641927719116211
కరమణ - 0.06831693649291992
వివిధవిభాగాలలో - 0.08407068252563477
పరభక్షకాల - 0.0662698745727539
పెట్రోలింగ్ - 0.06562924385070801
భయంకరాచారితో - 0.06602931022644043
ఇవ్వనట్లవుతుంది - 0.06795239448547363
స్వాతంత్ర్యానంత - 0.06803393363952637
నడిపితే - 0.06693816184997559
అతకదు - 0.08797430992126465
ఘోరాటవిలోన - 0.06731009483337402
కూడినది - 0.06499052047729492
మీడియంలో - 0.06578278541564941
మూలనిర్మాణ - 0.06682658195495605
మాగనూరు - 0.06374263763427734
పిలిపించు - 0.06409716606140137
దించడం - 0.06523656845092773
పంచదళయుత - 0.0642709732055664
మిచిగాన్ - 0.06369495391845703
అక్కడయినా - 0.06366133689880371
శ్రీనివాసన్ - 0.06467342376708984
లింగరాజ్పల్లి - 0.06609010696411133
తెలియగానే - 0.06534862518310547
ఆహ్వానిస్తానని - 0.06400680541992188
శాస్త్రాలలోనూ - 0.06392669677734375
తీసుకునే - 0.06405401229858398
సహీ - 0.06792187690734863
వేత్తలనూ - 0.06534957885742188
बदलीला - 0.11517596244812012
पुरःसररोध - 0.11566925048828125
लालपिच्छी - 0.11640763282775879
तारखा - 0.12379074096679688
कंपनीजवळ - 0.11849594116210938
बिघाडाने - 0.11616015434265137
ट्राम - 0.11725091934204102
स्वच्छाशोथ - 0.1201164722442627
सहनिबंधकांनी - 0.11716079711914062
उतरलेली - 0.11566805839538574
कलेढोण - 0.11772489547729492
थॅंक्‍यू - 0.11478185653686523
हुडीं - 0.12034368515014648
ऊहापोह - 0.14223861694335938
डीके - 0.14253616333007812
जमिनीचा - 0.14515948295593262
जलसंधारणाच्या - 0.1362013816833496
चिखर्डे - 0.13902616500854492
सोनमासा - 0.1248016357421875
कॉंट्रॅक्‍ट - 0.11369943618774414
लोएक - 0.11110591888427734
विधिविशेषण - 0.11588048934936523
हस्तक्षेपामुळे - 0.1157989501953125
आफ्रिकेचे - 0.11330485343933105
आंधळेपणा - 0.11771225929260254
सद्दी - 0.11455416679382324
सहाआठ - 0.11429190635681152
उपक्रमांवर - 0.1149756908416748
स्वर्गीय - 0.11459040641784668
सणांची - 0.11353611946105957
कडोसरी - 0.11625528335571289
मेडिकलमधून - 0.11932206153869629
गोदरेज - 0.11692285537719727
दालनांत - 0.11486244201660156
प्रभावांक - 0.1165769100189209
प्रवेशपत्र - 0.11850380897521973
नित्यतावाद - 0.11676216125488281
उंब्रज - 0.1212763786315918
धोतराच्या - 0.11483931541442871
टफी - 0.11372876167297363
सुद्धां - 0.1162412166595459
गाता - 0.11457324028015137
वनस्थली - 0.11612367630004883
ओस्तवाल - 0.11341738700866699
शेजूळ - 0.1128685474395752
सेपाक - 0.11279869079589844
उतरण्याचे - 0.11603903770446777
ओढ्याची - 0.11263346672058105
तोडणार - 0.11392641067504883
ऐशी - 0.10997223854064941
সরকারপক্ষের - 0.1157524585723877
উঠিয়াছেন - 0.11300873756408691
জলবায়ু - 0.11304879188537598
শাহ - 0.10991072654724121
অর্থভান্ডার - 0.11407303810119629
উপেক্ষায় - 0.11309456825256348
আমা - 0.10994911193847656
সংকুল - 0.11228275299072266
ভিক্টরও - 0.11324644088745117
প্রকৃতিবাদী - 0.11432981491088867
দুরবস্থায় - 0.11885356903076172
রামপ্রসাদবাবুর - 0.14669394493103027
ছিনতাইবাজ - 0.12346577644348145
শোষিত - 0.12399005889892578
নিশ্চিন্তভাবেই - 0.12640762329101562
বটগাছটি - 0.1283588409423828
পূর্বোল্লিখিত - 0.14693212509155273
আড়াল - 0.11930060386657715
ঘড়িটিতে - 0.11861133575439453
দেবদাসকে - 0.12024426460266113
নাসিম - 0.11487078666687012
তাহলো - 0.11357688903808594
বটানিক্যাল - 0.11409473419189453
সম্পূর্ণসম্পূর্ণ - 0.11781597137451172
নাবিকেরা - 0.11702823638916016
প্রতিমার - 0.11354708671569824
ইমেলে - 0.11292076110839844
রাধারমন - 0.11344671249389648
ভাবাই - 0.112640380859375
তোলেকেমন - 0.11342453956604004
দৌড়ইনি - 0.11345505714416504
কন্যাসন্তানটি - 0.1270310878753662
মিলনীর - 0.11985492706298828
য়্যাসোসিয়েশনের - 0.1160726547241211
সম্বিত - 0.11623859405517578
বাজায়অনির্বাণ - 0.1157693862915039
নিক্ষেপ - 0.11576342582702637
দয়াময়ী - 0.11490893363952637
যাত্রীরা - 0.11482620239257812
সভাধিপতি - 0.11510682106018066
পুলিশও - 0.11522817611694336
বৃহদ্দিবা - 0.1151123046875
মদমাংস - 0.11460494995117188
দোলন - 0.11207866668701172
কর্মবীর - 0.1150214672088623
প্রবলা - 0.11407113075256348
আত্মঅবমাননার - 0.11553001403808594
ট্য্রাকাররা - 0.11493039131164551
বিয়োগ - 0.11240386962890625
লতিফের - 0.11552214622497559
ವಿಶಾಲವೂ - 0.06730294227600098
ಮನಸ್ಸಿನಲ್ಲೇ - 0.06647896766662598
ಕರ್ನಾಟಕ - 0.0645742416381836
ಗೌರವಿಸಬೇಕೆಂಬುದುನಿನಗೆ - 0.06481575965881348
ಬಿಸಿಯ - 0.08111763000488281
ಸಂಪ್ರದಾಯದ - 0.07042670249938965
ಒದಗಿಸಿಕೊಟ್ಟಿತು - 0.06783366203308105
ಕೇಳುವಂತೆ - 0.06420135498046875
ಉಳಿಯುತ್ತದೆ - 0.06417727470397949
ಹೋರಾಡುವುದು - 0.06435203552246094
ಎಂಬುದನ್ನ - 0.06406021118164062
ಗಂಭೀರವಾಗಿ - 0.06397700309753418
ಮಿಂಚಿದಂತಾಯ್ತು - 0.06456947326660156
ಕಂಡುಬಂದಳು - 0.06417536735534668
ಹೇಳಿದ್ದಾರೆ - 0.06390595436096191
ಅಂದಿಗೆ - 0.06415438652038574
ಉಟ್ಟು - 0.0645751953125
ಮಾಡುತ್ತವೆಯಾದರೂ - 0.06504368782043457
ನಿಮಿತ್ತ - 0.06657576560974121
ಸಿಲುಕುವ - 0.06478714942932129
ಪ್ರಮಾಣದಲ್ಲಿ - 0.06834149360656738
ಋಷೀಶ್ವರಾ - 0.0648040771484375
ಸಾವಿರಾರು - 0.06472301483154297
ಫಿಲಿಪ್ಪೀನ್ಸ್ - 0.06347441673278809
ಪಂದ್ಯದಲ್ಲಿ - 0.06344008445739746
ಆಶಯಗಳ - 0.06393003463745117
ಶ್ರೀಕಂಠಯ್ಯನವರು - 0.06679129600524902
ಹೆಪ್ಪುಗಟ್ಟಿದ - 0.06518125534057617
ವಿಸ್ತಾರವು - 0.06501340866088867
ದ್ವಿಚಕ್ರವಾಹನಗಳೇ - 0.0655977725982666
ಕ್ರಿಯಾಶೀಲತೆ - 0.06540179252624512
ನೀಡುವ - 0.0656898021697998
ಕಾರಣವಾಗುತ್ತದೆಯೋ - 0.06322622299194336
ನಗ - 0.06363368034362793
ಪರಿಕಲ್ಪನೆ - 0.06350994110107422
ಮೊಟ್ಟೆಯನ್ನು - 0.06268525123596191
ಹದವಾಗಿ - 0.0647437572479248
ಆಯುಷ್ಯವಂತನಾಗುತ್ತಾನೆ - 0.06493592262268066
ನ್ಯಾಯವಾದವುಗಳನ್ನು - 0.06468415260314941
ದಿಢೀರ್ - 0.06414222717285156
ಊಹಿಸಲಾಗದಿದ್ದ - 0.06485867500305176
ಸ್ಪರ್ಧಾ - 0.06266641616821289
ಪುಟ್ಟಕುಂಡದಲ್ಲಿ - 0.0640716552734375
ಸಂಗತಿಗಳಲ್ಲಿ - 0.0645754337310791
ಕೂರಿಸಿ - 0.06583881378173828
ಕಾವಲಿಗಾಗಿ - 0.06499290466308594
ಸುಖಗಳೇ - 0.0650334358215332
ಸ್ನೇಹಿತರೋ - 0.06518197059631348
ತೃಪ್ತಿಪಡಿಸುವುದೇ - 0.06515765190124512
ರಾಯಭಾರದ - 0.06406140327453613
চুব - 0.1117546558380127
মুণ্ডেৰ - 0.11764907836914062
উলিয়াব - 0.1168677806854248
জুৰি - 0.11237144470214844
সলাইছে - 0.11474609375
পঁজাটোত - 0.11591625213623047
ডেৰমান - 0.1145167350769043
চালিৰ - 0.1137857437133789
সুধিয়েই - 0.11494970321655273
বিশ্বৰ - 0.11396574974060059
অনুপস্থিতিৰ - 0.11480474472045898
বগৰী - 0.11423659324645996
জৰুল - 0.11286211013793945
শিকা - 0.11677145957946777
গলোহেঁতেন - 0.11534690856933594
ক্ষমাৰ - 0.11502528190612793
নিচিনা - 0.11362528800964355
লাভ - 0.11107254028320312
অহাত - 0.11230111122131348
সপোনকোৱঁৰ - 0.11783194541931152
লৈছোঁ - 0.11652565002441406
নহলো - 0.1160430908203125
প্ৰৱৰ্ত্তনেই - 0.11708211898803711
শিক্ষণৰ - 0.1152796745300293
লোচন - 0.11270499229431152
ফলাফলত - 0.11416959762573242
পথাৰতেই - 0.1141972541809082
ভাওনা - 0.11413788795471191
ফোনত - 0.11291742324829102
ইযাকে - 0.11377692222595215
জানিয়া - 0.11385321617126465
দূৰৈত - 0.11374211311340332
খৰ্গেই - 0.11507940292358398
হৰেন - 0.11299872398376465
কৰিলত - 0.11755514144897461
সিঁচিবলৈ - 0.12256956100463867
ধীমন্ত - 0.11681151390075684
ছবিখিনি - 0.11542844772338867
আঠটি - 0.11377739906311035
বিতৰণ - 0.11310768127441406
লগাত - 0.11225128173828125
এঠাইত - 0.11335945129394531
হোৱাৰ - 0.11291742324829102
পাছফালৰপৰা - 0.11488199234008789
আঁহোতে - 0.11405706405639648
থাকোঁতে - 0.1158599853515625
মাৰোৱাৰীপট্টী - 0.12091541290283203
পৰস্মিতা - 0.11675095558166504
সিঙেও - 0.11615872383117676
নোযোগাব - 0.11824488639831543
চঙ্খিবোইরে - 0.11505746841430664
লৈমবু - 0.11458349227905273
অসৱাইদকা - 0.1441190242767334
ঔবা - 0.11245894432067871
কাউইনহে - 0.11557912826538086
খুনুরৈমবু - 0.11496543884277344
পােৎয়ান - 0.11911511421203613
অশাওবগী - 0.11466550827026367
কৈনিং - 0.11521339416503906
নমানচা - 0.11616206169128418
নুপীমচাদুনা - 0.15436816215515137
ফুম্ভম্দা - 0.11585283279418945
নোংদংনুনা - 0.11654806137084961
ঙান্থক - 0.11589670181274414
তারগনা - 0.11534380912780762
কদাইদগী - 0.11595463752746582
ঙম্মীপোত্নি - 0.11601710319519043
ত্রিবেনি - 0.11459207534790039
লম্খুনুনা - 0.11522507667541504
ভিদ্যা - 0.11384177207946777
হিংগত্লক্লে - 0.11674690246582031
ফম্মিন্নরিঙৈদা - 0.11598324775695801
শূবদু - 0.11398959159851074
হিংলিঙৈদা - 0.11466240882873535
সার্ভিসেস - 0.11456537246704102
মচামক্নি - 0.11488080024719238
ওফিসরদুনা - 0.11590743064880371
কীন্থহৌরে - 0.11642098426818848
পীখিদে - 0.11445450782775879
পুংকক - 0.11325669288635254
ওত্পা - 0.11322689056396484
হৈহন্নিংখ্রবা - 0.1158299446105957
শিরবদি - 0.11417508125305176
অগনৈসকা - 0.1142427921295166
মীশেল্ - 0.11401867866516113
শেন্থং - 0.1137244701385498
পাল্হৌ - 0.11350369453430176
খল্লিবদো - 0.11440253257751465
উত্চঙ্বনে - 0.11527132987976074
মনাওগী - 0.11373019218444824
ওল্লিবসি - 0.11528968811035156
চাইশ্রাদি - 0.11435461044311523
ৱাতানরে - 0.11532425880432129
থৌজালদগী - 0.11541247367858887
লৈনবপিংদা - 0.1162569522857666
নিংথৌনা - 0.1145787239074707
হুমাং - 0.11370182037353516
লুহোংগদৌরমাল্লে - 0.1176910400390625
গুরুনা - 0.11348557472229004
খোল্লক্পবু - 0.11488461494445801
ബന്പറും - 0.0639195442199707
വിലക്കണമെന്ന - 0.06454896926879883
നടുക്കം - 0.06428003311157227
കാമുകനൊപ്പം - 0.06469893455505371
അലയൊലി - 0.06420731544494629
മടുക്കാന് - 0.06457376480102539
പൈലിസാറാമ്മ - 0.06459569931030273
അര്ജന്റീന് - 0.06469392776489258
ഉളവാക്കുന്ന - 0.06444144248962402
സെമസ്റ്റര് - 0.06450390815734863
ധനമന്ത്രിയെ - 0.06441140174865723
പൊളിക്കല് - 0.06409811973571777
പാതയ്ക്ക് - 0.06412434577941895
അതീതനായി - 0.06420278549194336
നയാപൈസ - 0.06426119804382324
അതിഭയങ്കരമായ - 0.06472444534301758
ശേഖരങ്ങളില് - 0.06475615501403809
ജ്യൂക് - 0.0651402473449707
വാദഗതികളെ - 0.0645589828491211
സ്മാരകസമിതി - 0.06458473205566406
ജേക്കബ്ബ് - 0.06426215171813965
ഹുസൈന് - 0.06433987617492676
വ്യൂഹങ്ങള് - 0.06437253952026367
സമയമൊക്കെയും - 0.0644831657409668
പരിശീലനവും - 0.0647437572479248
തനിവല് - 0.06433296203613281
ഇരുപതിലേറെ - 0.06477499008178711
കിടക്കാനായി - 0.06466531753540039
മാനസികാവസ്ഥ - 0.06466531753540039
നിലപാടുതന്നെ - 0.06445574760437012
ഇരുപത്തെട്ടു - 0.06440043449401855
ബന്ദിനെതിരെ - 0.06476569175720215
ധാതുമണല് - 0.06457066535949707
മാധ്യമത്തോട് - 0.06453871726989746
രാജ്യഭാരം - 0.06444072723388672
വെമ്പല് - 0.06403493881225586
സര്ഫറുകള് - 0.06481337547302246
ഹംപിയെ - 0.06456995010375977
പരിശീലന - 0.0641927719116211
പ്രതാപവും - 0.06439900398254395
ശരാശരിയും - 0.06463861465454102
സൂത്രധാരന് - 0.06434488296508789
പദ്മലോചനന് - 0.06431031227111816
ആഹ്വാനത്തിനു - 0.06486630439758301
എന്നതിലേക്കു - 0.06470251083374023
പ്രണാം - 0.06469106674194336
അഞ്ചുലക്ഷം - 0.06472206115722656
മലേഷ്യയില് - 0.06462621688842773
കൂറ്റനാട് - 0.06428694725036621
കള്ളാട്ട് - 0.06471014022827148
सदस्यतां - 0.11490440368652344
खराबै - 0.11439681053161621
पैले - 0.11147832870483398
प्या - 0.11869072914123535
फेंट - 0.11133575439453125
म्हाकां - 0.1131906509399414
कारण - 0.11865854263305664
रग - 0.1103200912475586
खेतर - 0.11224031448364258
विशेषांकां - 0.11461210250854492
सोढे - 0.11170101165771484
उळझण - 0.11225247383117676
नीतिर्मतिर्मम - 0.11472010612487793
प्रेमी - 0.11226725578308105
विजोग - 0.12454962730407715
अन्वेषी - 0.11348390579223633
जोदपुर - 0.11329412460327148
बोल्योडो - 0.11265683174133301
नौकर - 0.11140131950378418
जावणां - 0.11347436904907227
आईज - 0.10974001884460449
राजस्थानी - 0.11479663848876953
फोजदार - 0.1131591796875
छो - 0.11108565330505371
बल्कि - 0.11236453056335449
श्रीमंत - 0.11286163330078125
बरंसा - 0.11212515830993652
मुगती - 0.11283731460571289
बहुकृषवेषा - 0.11469721794128418
चरित्रां - 0.1124429702758789
सवास्थय - 0.11279988288879395
पती - 0.11122727394104004
हतयार - 0.11234068870544434
सांमता - 0.11182761192321777
वगत - 0.11084294319152832
झपकायां - 0.11373734474182129
वत्ती - 0.11221551895141602
भाड़ो - 0.11214160919189453
कार्यक्मां - 0.11338996887207031
धक्को - 0.11317229270935059
आरोगे - 0.11506414413452148
झेगरदी - 0.11374187469482422
नटी - 0.1117558479309082
निवेस - 0.11640381813049316
नायकां - 0.11594557762145996
वैज्ञानिका - 0.11649274826049805
रंगारे - 0.12720012664794922
वे - 0.12836074829101562
बीजळियां - 0.11731743812561035
पूछतौ - 0.11623954772949219
તંત્રજ્ઞાન - 0.1147623062133789
સંબંધોનું - 0.11976361274719238
રઝળતી - 0.11909866333007812
નિરૂપયોગી - 0.1228485107421875
યાદગીરી - 0.11778950691223145
દશામા - 0.1434485912322998
જોરમાં - 0.14643335342407227
કલાકમાં - 0.13586974143981934
દેસાઈને - 0.11467909812927246
ખેડૂતનો - 0.11631321907043457
સુધરેલા - 0.114776611328125
પકવાનો - 0.11479806900024414
માપસર - 0.11502194404602051
ક્રોસ - 0.11294102668762207
અનંતના - 0.12028217315673828
બુદ્ધીમાં - 0.114410400390625
જન્મોજૂની - 0.11495304107666016
નોટીસ - 0.1133108139038086
કુટુંબીજનોને - 0.11636018753051758
તાણીને - 0.12579035758972168
જીવમાત્રની - 0.12075233459472656
ઉપહારને - 0.11912965774536133
કડાં - 0.11507463455200195
મતરૃપે - 0.11586380004882812
સાળી - 0.11374735832214355
શોખને - 0.11423468589782715
ઢગલીઓ - 0.11283373832702637
હેમિલ્ટન - 0.11490893363952637
ખુશ્બોદાર - 0.1153109073638916
બોલચાલની - 0.11671853065490723
લોટરીનું - 0.11358237266540527
સમતાથી - 0.11351275444030762
બજારનું - 0.11393976211547852
કારીગરોના - 0.11550784111022949
પલળવું - 0.11345076560974121
તમારામાંના - 0.11670589447021484
ભદ્રંભદ્રીય - 0.11590743064880371
ઓનને - 0.11288857460021973
વહાર - 0.11275601387023926
બગાડયો - 0.11377549171447754
લાવી - 0.11295270919799805
માથાકુટનો - 0.11537599563598633
ભભરાવ્યું - 0.1139688491821289
ઉજવાય - 0.11320757865905762
આપત્તી - 0.11330175399780273
ઉતારવી - 0.11407065391540527
ખટકે - 0.1131751537322998
બોકસ - 0.11090731620788574
બ્રહ્મકુંડમાં - 0.11594486236572266
મોકલીએ - 0.11469531059265137
जब्रा - 0.11754560470581055
गोदोलांदों - 0.11481261253356934
सानथामाव - 0.11461400985717773
मादैमोना - 0.1143193244934082
समसिम - 0.11346101760864258
गुफुरफोरक - 0.1137838363647461
होदोंमोन - 0.11303877830505371
मोजाङैथायो - 0.1386582851409912
इंग्लीश - 0.14209437370300293
जौनै - 0.14290237426757812
दखावगखा - 0.1415557861328125
हारिफोरा - 0.13277387619018555
लायजामाव - 0.1318216323852539
मन्त्रखौ - 0.1145942211151123
दाउगानो - 0.11270928382873535
नेर्सोनसो - 0.11438965797424316
थानाया - 0.11489319801330566
बाथा्खौबो - 0.11457705497741699
बोस्रांना - 0.11266016960144043
दायना - 0.11211395263671875
दबथायनाय - 0.11409664154052734
हावलद - 0.11266136169433594
जे - 0.10868215560913086
दबैमखायिखाबबो - 0.11636495590209961
ट्रिटमेन्त - 0.11385869979858398
गाहाय - 0.11199426651000977
गाराखै - 0.11872434616088867
आखुनि - 0.12208199501037598
थाबायबाय - 0.11549854278564453
सिम्‍पान्‍जिबो - 0.11438274383544922
हाबसनना - 0.11371541023254395
बागाननि - 0.11500048637390137
नाख्लाय - 0.11547660827636719
गुष्‍टियाव - 0.1136469841003418
दिरियासो - 0.11538958549499512
फैनांगौ - 0.11380839347839355
थानोबो - 0.11293578147888184
फैसाली - 0.11314892768859863
दाखिफबनानै - 0.11456990242004395
बुंखाबाय - 0.1130821704864502
जबोबबोद - 0.11351799964904785
सोबखनाया - 0.1133887767791748
सोनाबथिंजाय - 0.11415362358093262
सिनेमासो - 0.11298894882202148
हासुनो - 0.11216473579406738
सालायनानै - 0.11566972732543945
अम्‍बासि - 0.11195802688598633
थाथेरनाय - 0.11366558074951172
खाबुआवनो - 0.11540102958679199
कबीरनि - 0.11317253112792969
பாறைகளை - 0.06440925598144531
தடிந்தெழிலி - 0.06440329551696777
பேருல் - 0.06445860862731934
மங்கத் - 0.06371903419494629
தலைவியாக - 0.06369924545288086
அக்கினி - 0.06392598152160645
வைத்திருந்தாயே - 0.06401848793029785
அபான - 0.06534314155578613
எட்டுமணிக்கு - 0.06732678413391113
போக்கினார் - 0.0683436393737793
சமர்ப்பிக்க - 0.0662226676940918
சிக்கோசிலிருந்து - 0.0646367073059082
நம்பிக்கையுள்ள - 0.06379890441894531
இம்முடவனை - 0.06347107887268066
பழுத்தென்ன - 0.06393194198608398
வாழ்த்தக் - 0.06380414962768555
கனடா - 0.06379055976867676
மால்நமககு - 0.06368446350097656
காசிராம் - 0.0634927749633789
அனபர்களைப் - 0.0635535717010498
குதூகலத்தில் - 0.06380534172058105
விளக்கை - 0.06351256370544434
தேனுடன் - 0.06336355209350586
பிறப்பிடமாக - 0.06354808807373047
பிரிந்தும் - 0.06364965438842773
கடைச்சரக்க்குகள் - 0.06410670280456543
மொழிந்த - 0.06326413154602051
நெய்துள்ளார்கள் - 0.06373095512390137
செவியனை - 0.06334042549133301
இராமராகப் - 0.06328439712524414
செய்தடி - 0.06349492073059082
ஏன் - 0.06327414512634277
சிறப்போ - 0.0641789436340332
பெத்தத் - 0.06506991386413574
தளத்திற்கு - 0.06470513343811035
கணக்கிட்டுப் - 0.06484293937683105
செங்கண்ணர் - 0.06353449821472168
பிற்காலத்திலோ - 0.06526303291320801
படைத்திருப்பார் - 0.06401538848876953
தேவாரத்தைப் - 0.06364822387695312
காட்டாத - 0.06310272216796875
சேர்வேருக்கும் - 0.06450986862182617
சாப்பிடுவதாய் - 0.06373214721679688
தற்செயலான - 0.06521892547607422
உடன்பாட்டு - 0.06528854370117188
தார்மதில் - 0.06375455856323242
முனைகிறான் - 0.06492352485656738
அடர்ந்தது - 0.06483864784240723
இப்பாடே - 0.06471395492553711
கிராமத்துச் - 0.06484532356262207
